#
# A fatal error has been detected by the Java Runtime Environment:
#
#  EXCEPTION_ACCESS_VIOLATION (0xc0000005) at pc=0x00007ffc217e3412, pid=20708, tid=12996
#
# JRE version: OpenJDK Runtime Environment Corretto-17.0.6.10.1 (17.0.6+10) (build 17.0.6+10-LTS)
# Java VM: OpenJDK 64-Bit Server VM Corretto-17.0.6.10.1 (17.0.6+10-LTS, mixed mode, sharing, tiered, compressed oops, compressed class ptrs, g1 gc, windows-amd64)
# Problematic frame:
# C  [igxelpicd64.dll+0x273412]
#
# No core dump will be written. Minidumps are not enabled by default on client versions of Windows
#
# If you would like to submit a bug report, please visit:
#   https://github.com/corretto/corretto-17/issues/
# The crash happened outside the Java Virtual Machine in native code.
# See problematic frame for where to report the bug.
#

---------------  S U M M A R Y ------------

Command Line: -agentlib:jdwp=transport=dt_socket,server=n,suspend=y,address=localhost:56857 -XX:+ShowCodeDetailsInExceptionMessages com.team10.game.DesktopLauncher

Host: 11th Gen Intel(R) Core(TM) i7-11370H @ 3.30GHz, 8 cores, 15G,  Windows 10 , 64 bit Build 19041 (10.0.19041.2251)
Time: Wed Jan 18 10:47:34 2023 GMT Standard Time elapsed time: 183.228942 seconds (0d 0h 3m 3s)

---------------  T H R E A D  ---------------

Current thread (0x000001b8b459f9b0):  JavaThread "JDWP Transport Listener: dt_socket" daemon [_thread_in_native, id=12996, stack(0x0000004e1e200000,0x0000004e1e300000)]

Stack: [0x0000004e1e200000,0x0000004e1e300000],  sp=0x0000004e1e2fe770,  free space=1017k
Native frames: (J=compiled Java code, j=interpreted, Vv=VM code, C=native code)
C  [igxelpicd64.dll+0x273412]


siginfo: EXCEPTION_ACCESS_VIOLATION (0xc0000005), reading address 0x0000000000035bb8


Register to memory mapping:

RIP=