#
# A fatal error has been detected by the Java Runtime Environment:
#
#  EXCEPTION_ACCESS_VIOLATION (0xc0000005) at pc=0x00007ffc47522327, pid=18156, tid=9712
#
# JRE version: OpenJDK Runtime Environment Corretto-17.0.6.10.1 (17.0.6+10) (build 17.0.6+10-LTS)
# Java VM: OpenJDK 64-Bit Server VM Corretto-17.0.6.10.1 (17.0.6+10-LTS, mixed mode, sharing, tiered, compressed oops, compressed class ptrs, g1 gc, windows-amd64)
# Problematic frame:
# C  [igxelpicd64.dll+0xab2327]
#
# No core dump will be written. Minidumps are not enabled by default on client versions of Windows
#
# If you would like to submit a bug report, please visit:
#   https://github.com/corretto/corretto-17/issues/
# The crash happened outside the Java Virtual Machine in native code.
# See problematic frame for where to report the bug.
#

---------------  S U M M A R Y ------------

Command Line: -agentlib:jdwp=transport=dt_socket,server=n,suspend=y,address=localhost:56983 -XX:+ShowCodeDetailsInExceptionMessages com.team10.game.DesktopLauncher

Host: 11th Gen Intel(R) Core(TM) i7-11370H @ 3.30GHz, 8 cores, 15G,  Windows 10 , 64 bit Build 19041 (10.0.19041.2251)
Time: Wed Jan 18 10:51:20 2023 GMT Standard Time elapsed time: 14.131009 seconds (0d 0h 0m 14s)

---------------  T H R E A D  ---------------

Current thread (0x00000227853d96c0):  JavaThread "main" [_thread_in_native, id=9712, stack(0x000000e507300000,0x000000e507400000)]

Stack: [0x000000e507300000,0x000000e507400000],  sp=0x000000e5073fe970,  free space=1018k
Native frames: (J=compiled Java code, j=interpreted, Vv=VM code, C=native code)
C  [igxelpicd64.dll+0xab2327]

Java frames: (J=compiled Java code, j=interpreted, Vv=VM code)
J 1312  org.lwjgl.opengl.GL11C.nglDrawElements(IIIJ)V (0 bytes) @ 0x000002279620f2f6 [0x000002279620f2a0+0x0000000000000056]
J 1310 c1 org.lwjgl.opengl.GL11C.glDrawElements(ILjava/nio/ShortBuffer;)V (16 bytes) @ 0x000002278e940e84 [0x000002278e940c60+0x0000000000000224]
J 1385 c1 com.badlogic.gdx.backends.lwjgl3.Lwjgl3GL20.glDrawElements(IIILjava/nio/Buffer;)V (232 bytes) @ 0x000002278e97f4fc [0x000002278e97dfe0+0x000000000000151c]
J 1226 c1 com.badlogic.gdx.graphics.Mesh.render(Lcom/badlogic/gdx/graphics/glutils/ShaderProgram;IIIZ)V (323 bytes) @ 0x000002278e8fdefc [0x000002278e8fd980+0x000000000000057c]
J 1251 c1 com.badlogic.gdx.graphics.Mesh.render(Lcom/badlogic/gdx/graphics/glutils/ShaderProgram;III)V (14 bytes) @ 0x000002278e9202cc [0x000002278e920220+0x00000000000000ac]
j  com.badlogic.gdx.graphics.g2d.SpriteBatch.flush()V+184
J 1492 c1 com.badlogic.gdx.graphics.g2d.SpriteBatch.draw(Lcom/badlogic/gdx/graphics/Texture;FFFF)V (279 bytes) @ 0x000002278e9acb6c [0x000002278e9ac960+0x000000000000020c]
j  com.team10.game.ChefController.drawChefs(Lcom/badlogic/gdx/graphics/g2d/SpriteBatch;)V+48
j  com.team10.game.GameScreen.drawStuff()V+36
j  com.team10.game.GameScreen.gameLogic()V+61
j  com.team10.game.GameScreen.render(F)V+1
J 1652 c1 com.badlogic.gdx.backends.lwjgl3.Lwjgl3Window.update()Z (217 bytes) @ 0x000002278e9f267c [0x000002278e9f1580+0x00000000000010fc]
j  com.badlogic.gdx.backends.lwjgl3.Lwjgl3Application.loop()V+111
j  com.badlogic.gdx.backends.lwjgl3.Lwjgl3Application.<init>(Lcom/badlogic/gdx/ApplicationListener;Lcom/badlogic/gdx/backends/lwjgl3/Lwjgl3ApplicationConfiguration;)V+269
j  com.team10.game.DesktopLauncher.main([Ljava/lang/String;)V+65
v  ~StubRoutines::call_stub

siginfo: EXCEPTION_ACCESS_VIOLATION (0xc0000005), reading address 0x00000227ac255570


Register to memory mapping:

RIP=0x00007ffc47522327 igxelpicd64.dll
RAX=0x00000227ac255570 is an unknown value
RBX=0x000000000000ffff is an unknown value
RCX=0x00000227b73222a4 points into unknown readable memory: 00 00 00 00
RDX=0x00000227ac255570 is an unknown value
RSP=0x000000e5073fe970 is pointing into the stack for thread: 0x00000227853d96c0
RBP=0x000000e5073fe9f8 is pointing into the stack for thread: 0x00000227853d96c0
RSI=0x000000e5073fea50 is pointing into the stack for thread: 0x00000227853d96c0
RDI=0x00000227b73222a4 points into unknown readable memory: 00 00 00 00
R8 =0x000000000000000c is an unknown value
R9 =0x000000e5073fea50 is pointing into the stack for thread: 0x00000227853d96c0
R10=0x0000000000000006 is an unknown value
R11=0x0 is NULL
R12=0x0000000000060000 is an unknown value
R13=0x0 is NULL
R14=0x0 is NULL
R15=0x000000000000000c is an unknown value


Registers:
RAX=0x00000227ac255570, RBX=0x000000000000ffff, RCX=0x00000227b73222a4, RDX=0x00000227ac255570
RSP=0x000000e5073fe970, RBP=0x000000e5073fe9f8, RSI=0x000000e5073fea50, RDI=0x00000227b73222a4
R8 =0x000000000000000c, R9 =0x000000e5073fea50, R10=0x0000000000000006, R11=0x0000000000000000
R12=0x0000000000060000, R13=0x0000000000000000, R14=0x0000000000000000, R15=0x000000000000000c
RIP=0x00007ffc47522327, EFLAGS=0x0000000000010206

Top of Stack: (sp=0x000000e5073fe970)
0x000000e5073fe970:   00000227adadd920 00000227ad86c200
0x000000e5073fe980:   00000227ad897340 00007ffc46c543de
0x000000e5073fe990:   0000000000000006 00000227ad897340
0x000000e5073fe9a0:   0000000000000502 0000000000000006
0x000000e5073fe9b0:   000000e5073fea58 000000000000ffff
0x000000e5073fe9c0:   0000000000000000 00007ffc474eaf8e
0x000000e5073fe9d0:   00000227ad86c200 00000227ad86c200
0x000000e5073fe9e0:   001605c25bfd0004 00000227ad86c230
0x000000e5073fe9f0:   00000227ad851680 00000227ad897340
0x000000e5073fea00:   0000000000000006 0000000000000004
0x000000e5073fea10:   0000000000001403 00000227ad88504c
0x000000e5073fea20:   00000227ad897340 00000227ad86c200
0x000000e5073fea30:   0000000000000002 00007ffc474eb1f9
0x000000e5073fea40:   0000000000000000 00007ffcad86c200
0x000000e5073fea50:   00000227ad86c200 0000000000000001
0x000000e5073fea60:   0000000000001400 00000227ad851680 

Instructions: (pc=0x00007ffc47522327)
0x00007ffc47522227:   f3 0f 6f 02 48 83 c2 10 f3 0f 7f 07 48 83 c7 10
0x00007ffc47522237:   66 0f f9 c3 66 0f ea c8 66 0f ee d0 48 83 e9 01
0x00007ffc47522247:   75 de 66 0f fd cb 66 0f fd d3 66 0f c5 c9 00 66
0x00007ffc47522257:   0f c5 c1 01 66 44 0f c5 c1 07 66 3b d9 66 0f 46
0x00007ffc47522267:   cb 66 3b c8 66 0f 46 c1 66 0f c5 c9 02 66 3b c1
0x00007ffc47522277:   66 0f 46 c8 66 0f c5 c1 03 66 3b c8 66 0f 46 c1
0x00007ffc47522287:   66 0f c5 c9 04 66 3b c1 66 0f 46 c8 66 0f c5 c1
0x00007ffc47522297:   05 66 3b c8 66 0f 46 c1 66 0f c5 c9 06 66 3b c1
0x00007ffc475222a7:   66 0f 46 c8 66 41 3b c8 66 0f c5 c2 00 66 44 0f
0x00007ffc475222b7:   46 c1 66 0f c5 ca 02 41 0f b7 d8 66 44 3b d8 66
0x00007ffc475222c7:   44 0f 42 d8 66 0f c5 c2 01 66 44 3b d8 66 41 0f
0x00007ffc475222d7:   43 c3 66 3b c1 66 44 0f c5 da 06 66 0f 43 c8 66
0x00007ffc475222e7:   0f c5 c2 03 66 3b c8 66 0f 43 c1 66 0f c5 ca 04
0x00007ffc475222f7:   66 3b c1 66 0f 43 c8 66 0f c5 c2 05 66 3b c8 66
0x00007ffc47522307:   0f 43 c1 66 41 3b c3 66 44 0f 43 d8 66 0f c5 c2
0x00007ffc47522317:   07 66 44 3b d8 73 04 44 0f b7 d8 4d 85 d2 74 2e
0x00007ffc47522327:   0f b7 02 48 8d 52 02 66 3b d8 66 89 07 0f b7 c8
0x00007ffc47522337:   48 8d 7f 02 66 0f 46 cb 66 44 3b d8 0f b7 d9 66
0x00007ffc47522347:   41 0f 43 c3 44 0f b7 d8 49 83 ea 01 75 d2 48 8b
0x00007ffc47522357:   44 24 40 66 89 1e 48 8b 5c 24 38 66 44 89 18 41
0x00007ffc47522367:   5e 5f 5e c3 cc 48 89 5c 24 20 56 57 41 56 45 33
0x00007ffc47522377:   f6 45 8b d0 49 d1 ea 4c 8b d9 41 0f bf f1 bb ff
0x00007ffc47522387:   ff 00 00 41 0f b7 fe f6 c2 01 0f 85 34 02 00 00
0x00007ffc47522397:   83 7c 24 50 06 0f 8c 29 02 00 00 0f 18 42 20 0f
0x00007ffc475223a7:   18 42 40 49 83 fa 08 0f 82 17 02 00 00 8d 4a 0f
0x00007ffc475223b7:   83 e1 f0 2b ca 48 d1 e9 74 47 48 85 c9 74 35 4c
0x00007ffc475223c7:   8b c9 0f b7 02 48 83 c2 02 66 41 89 03 49 83 c3
0x00007ffc475223d7:   02 66 3b c6 74 18 66 3b d8 44 0f b7 c0 66 44 0f
0x00007ffc475223e7:   46 c3 41 0f b7 d8 66 3b f8 73 03 0f b7 f8 49 83
0x00007ffc475223f7:   e9 01 75 ce 4c 2b d1 49 83 fa 08 0f 82 c3 01 00
0x00007ffc47522407:   00 66 0f 6f 1d 80 88 1f 00 0f 57 e4 66 0f 6e ee
0x00007ffc47522417:   66 0f 61 ed 66 0f 70 ed 00 49 83 fa 10 72 66 49 


Stack slot to memory mapping:
stack at sp + 0 slots: 0x00000227adadd920 points into unknown readable memory: 0x00007ffc475df158 | 58 f1 5d 47 fc 7f 00 00
stack at sp + 1 slots: 0x00000227ad86c200 points into unknown readable memory: 0x00000227ad732500 | 00 25 73 ad 27 02 00 00
stack at sp + 2 slots: 0x00000227ad897340 points into unknown readable memory: 0x0000000000000000 | 00 00 00 00 00 00 00 00
stack at sp + 3 slots: 0x00007ffc46c543de igxelpicd64.dll
stack at sp + 4 slots: 0x0000000000000006 is an unknown value
stack at sp + 5 slots: 0x00000227ad897340 points into unknown readable memory: 0x0000000000000000 | 00 00 00 00 00 00 00 00
stack at sp + 6 slots: 0x0000000000000502 is an unknown value
stack at sp + 7 slots: 0x0000000000000006 is an unknown value


---------------  P R O C E S S  ---------------

Threads class SMR info:
_java_thread_list=0x00000227adecfdd0, length=18, elements={
0x00000227853d96c0, 0x00000227aa1973e0, 0x00000227aa197da0, 0x00000227aac484d0,
0x00000227aa1ac500, 0x00000227aac48d90, 0x00000227aac4a660, 0x00000227aac4b250,
0x00000227aac4fb60, 0x00000227aac78480, 0x00000227aaddb250, 0x00000227aadddf10,
0x00000227aade0b20, 0x00000227aade31e0, 0x00000227aade8e90, 0x00000227b4bdd580,
0x00000227bb18c030, 0x00000227bb1f05f0
}

Java Threads: ( => current thread )
=>0x00000227853d96c0 JavaThread "main" [_thread_in_native, id=9712, stack(0x000000e507300000,0x000000e507400000)]
  0x00000227aa1973e0 JavaThread "Reference Handler" daemon [_thread_blocked, id=12884, stack(0x000000e507a00000,0x000000e507b00000)]
  0x00000227aa197da0 JavaThread "Finalizer" daemon [_thread_blocked, id=22340, stack(0x000000e507b00000,0x000000e507c00000)]
  0x00000227aac484d0 JavaThread "Signal Dispatcher" daemon [_thread_blocked, id=20164, stack(0x000000e507c00000,0x000000e507d00000)]
  0x00000227aa1ac500 JavaThread "Attach Listener" daemon [_thread_blocked, id=13024, stack(0x000000e507d00000,0x000000e507e00000)]
  0x00000227aac48d90 JavaThread "Service Thread" daemon [_thread_blocked, id=23296, stack(0x000000e507e00000,0x000000e507f00000)]
  0x00000227aac4a660 JavaThread "Monitor Deflation Thread" daemon [_thread_blocked, id=10320, stack(0x000000e507f00000,0x000000e508000000)]
  0x00000227aac4b250 JavaThread "C2 CompilerThread0" daemon [_thread_blocked, id=17476, stack(0x000000e508000000,0x000000e508100000)]
  0x00000227aac4fb60 JavaThread "C1 CompilerThread0" daemon [_thread_blocked, id=23248, stack(0x000000e508100000,0x000000e508200000)]
  0x00000227aac78480 JavaThread "Sweeper thread" daemon [_thread_blocked, id=22876, stack(0x000000e508200000,0x000000e508300000)]
  0x00000227aaddb250 JavaThread "JDWP Transport Listener: dt_socket" daemon [_thread_blocked, id=19288, stack(0x000000e508300000,0x000000e508400000)]
  0x00000227aadddf10 JavaThread "JDWP Event Helper Thread" daemon [_thread_blocked, id=14388, stack(0x000000e508400000,0x000000e508500000)]
  0x00000227aade0b20 JavaThread "JDWP Command Reader" daemon [_thread_in_native, id=4748, stack(0x000000e508500000,0x000000e508600000)]
  0x00000227aade31e0 JavaThread "Notification Thread" daemon [_thread_blocked, id=10620, stack(0x000000e508600000,0x000000e508700000)]
  0x00000227aade8e90 JavaThread "Common-Cleaner" daemon [_thread_blocked, id=17612, stack(0x000000e508800000,0x000000e508900000)]
  0x00000227b4bdd580 JavaThread "LWJGL3 Timer" daemon [_thread_blocked, id=7236, stack(0x000000e509a00000,0x000000e509b00000)]
  0x00000227bb18c030 JavaThread "C2 CompilerThread1" daemon [_thread_blocked, id=15124, stack(0x000000e509200000,0x000000e509300000)]
  0x00000227bb1f05f0 JavaThread "C2 CompilerThread2" daemon [_thread_blocked, id=17480, stack(0x000000e509b00000,0x000000e509c00000)]

Other Threads:
  0x00000227aac42010 VMThread "VM Thread" [stack: 0x000000e507900000,0x000000e507a00000] [id=16048]
  0x00000227854636f0 WatcherThread [stack: 0x000000e508700000,0x000000e508800000] [id=14416]
  0x000002278544cdc0 GCTaskThread "GC Thread#0" [stack: 0x000000e507400000,0x000000e507500000] [id=13208]
  0x00000227b474fdc0 GCTaskThread "GC Thread#1" [stack: 0x000000e509300000,0x000000e509400000] [id=2936]
  0x00000227adba3870 GCTaskThread "GC Thread#2" [stack: 0x000000e509400000,0x000000e509500000] [id=10208]
  0x00000227adbbf6d0 GCTaskThread "GC Thread#3" [stack: 0x000000e509500000,0x000000e509600000] [id=21324]
  0x00000227adbbf980 GCTaskThread "GC Thread#4" [stack: 0x000000e509600000,0x000000e509700000] [id=22520]
  0x00000227b474cb20 GCTaskThread "GC Thread#5" [stack: 0x000000e509700000,0x000000e509800000] [id=12156]
  0x00000227adc61090 GCTaskThread "GC Thread#6" [stack: 0x000000e509800000,0x000000e509900000] [id=20080]
  0x00000227adb665c0 GCTaskThread "GC Thread#7" [stack: 0x000000e509900000,0x000000e509a00000] [id=16692]
  0x000002278545d810 ConcurrentGCThread "G1 Main Marker" [stack: 0x000000e507500000,0x000000e507600000] [id=13428]
  0x000002278545e130 ConcurrentGCThread "G1 Conc#0" [stack: 0x000000e507600000,0x000000e507700000] [id=9852]
  0x000002278549d5f0 ConcurrentGCThread "G1 Refine#0" [stack: 0x000000e507700000,0x000000e507800000] [id=20188]
  0x000002278549df20 ConcurrentGCThread "G1 Service" [stack: 0x000000e507800000,0x000000e507900000] [id=21524]

Threads with active compile tasks:

VM state: not at safepoint (normal execution)

VM Mutex/Monitor currently owned by a thread: None

Heap address: 0x0000000704000000, size: 4032 MB, Compressed Oops mode: Zero based, Oop shift amount: 3

CDS archive(s) mapped at: [0x0000000800000000-0x0000000800bc0000-0x0000000800bc0000), size 12320768, SharedBaseAddress: 0x0000000800000000, ArchiveRelocationMode: 0.
Compressed class space mapped at: 0x0000000800c00000-0x0000000840c00000, reserved size: 1073741824
Narrow klass base: 0x0000000800000000, Narrow klass shift: 0, Narrow klass range: 0x100000000

GC Precious Log:
 CPUs: 8 total, 8 available
 Memory: 16122M
 Large Page Support: Disabled
 NUMA Support: Disabled
 Compressed Oops: Enabled (Zero based)
 Heap Region Size: 2M
 Heap Min Capacity: 8M
 Heap Initial Capacity: 252M
 Heap Max Capacity: 4032M
 Pre-touch: Disabled
 Parallel Workers: 8
 Concurrent Workers: 2
 Concurrent Refinement Workers: 8
 Periodic GC: Disabled

Heap:
 garbage-first heap   total 258048K, used 50801K [0x0000000704000000, 0x0000000800000000)
  region size 2048K, 26 young (53248K), 2 survivors (4096K)
 Metaspace       used 6886K, committed 7040K, reserved 1064960K
  class space    used 469K, committed 512K, reserved 1048576K

Heap Regions: E=young(eden), S=young(survivor), O=old, HS=humongous(starts), HC=humongous(continues), CS=collection set, F=free, OA=open archive, CA=closed archive, TAMS=top-at-mark-start (previous, next)
|   0|0x0000000704000000, 0x0000000704000000, 0x0000000704200000|  0%| F|  |TAMS 0x0000000704000000, 0x0000000704000000| Untracked 
|   1|0x0000000704200000, 0x0000000704200000, 0x0000000704400000|  0%| F|  |TAMS 0x0000000704200000, 0x0000000704200000| Untracked 
|   2|0x0000000704400000, 0x0000000704400000, 0x0000000704600000|  0%| F|  |TAMS 0x0000000704400000, 0x0000000704400000| Untracked 
|   3|0x0000000704600000, 0x0000000704600000, 0x0000000704800000|  0%| F|  |TAMS 0x0000000704600000, 0x0000000704600000| Untracked 
|   4|0x0000000704800000, 0x0000000704800000, 0x0000000704a00000|  0%| F|  |TAMS 0x0000000704800000, 0x0000000704800000| Untracked 
|   5|0x0000000704a00000, 0x0000000704a00000, 0x0000000704c00000|  0%| F|  |TAMS 0x0000000704a00000, 0x0000000704a00000| Untracked 
|   6|0x0000000704c00000, 0x0000000704c00000, 0x0000000704e00000|  0%| F|  |TAMS 0x0000000704c00000, 0x0000000704c00000| Untracked 
|   7|0x0000000704e00000, 0x0000000704e00000, 0x0000000705000000|  0%| F|  |TAMS 0x0000000704e00000, 0x0000000704e00000| Untracked 
|   8|0x0000000705000000, 0x0000000705000000, 0x0000000705200000|  0%| F|  |TAMS 0x0000000705000000, 0x0000000705000000| Untracked 
|   9|0x0000000705200000, 0x0000000705200000, 0x0000000705400000|  0%| F|  |TAMS 0x0000000705200000, 0x0000000705200000| Untracked 
|  10|0x0000000705400000, 0x0000000705400000, 0x0000000705600000|  0%| F|  |TAMS 0x0000000705400000, 0x0000000705400000| Untracked 
|  11|0x0000000705600000, 0x0000000705600000, 0x0000000705800000|  0%| F|  |TAMS 0x0000000705600000, 0x0000000705600000| Untracked 
|  12|0x0000000705800000, 0x0000000705800000, 0x0000000705a00000|  0%| F|  |TAMS 0x0000000705800000, 0x0000000705800000| Untracked 
|  13|0x0000000705a00000, 0x0000000705a00000, 0x0000000705c00000|  0%| F|  |TAMS 0x0000000705a00000, 0x0000000705a00000| Untracked 
|  14|0x0000000705c00000, 0x0000000705c00000, 0x0000000705e00000|  0%| F|  |TAMS 0x0000000705c00000, 0x0000000705c00000| Untracked 
|  15|0x0000000705e00000, 0x0000000705e00000, 0x0000000706000000|  0%| F|  |TAMS 0x0000000705e00000, 0x0000000705e00000| Untracked 
|  16|0x0000000706000000, 0x0000000706000000, 0x0000000706200000|  0%| F|  |TAMS 0x0000000706000000, 0x0000000706000000| Untracked 
|  17|0x0000000706200000, 0x0000000706200000, 0x0000000706400000|  0%| F|  |TAMS 0x0000000706200000, 0x0000000706200000| Untracked 
|  18|0x0000000706400000, 0x0000000706400000, 0x0000000706600000|  0%| F|  |TAMS 0x0000000706400000, 0x0000000706400000| Untracked 
|  19|0x0000000706600000, 0x0000000706600000, 0x0000000706800000|  0%| F|  |TAMS 0x0000000706600000, 0x0000000706600000| Untracked 
|  20|0x0000000706800000, 0x0000000706800000, 0x0000000706a00000|  0%| F|  |TAMS 0x0000000706800000, 0x0000000706800000| Untracked 
|  21|0x0000000706a00000, 0x0000000706a00000, 0x0000000706c00000|  0%| F|  |TAMS 0x0000000706a00000, 0x0000000706a00000| Untracked 
|  22|0x0000000706c00000, 0x0000000706c00000, 0x0000000706e00000|  0%| F|  |TAMS 0x0000000706c00000, 0x0000000706c00000| Untracked 
|  23|0x0000000706e00000, 0x0000000706e00000, 0x0000000707000000|  0%| F|  |TAMS 0x0000000706e00000, 0x0000000706e00000| Untracked 
|  24|0x0000000707000000, 0x0000000707000000, 0x0000000707200000|  0%| F|  |TAMS 0x0000000707000000, 0x0000000707000000| Untracked 
|  25|0x0000000707200000, 0x0000000707200000, 0x0000000707400000|  0%| F|  |TAMS 0x0000000707200000, 0x0000000707200000| Untracked 
|  26|0x0000000707400000, 0x0000000707400000, 0x0000000707600000|  0%| F|  |TAMS 0x0000000707400000, 0x0000000707400000| Untracked 
|  27|0x0000000707600000, 0x0000000707600000, 0x0000000707800000|  0%| F|  |TAMS 0x0000000707600000, 0x0000000707600000| Untracked 
|  28|0x0000000707800000, 0x0000000707800000, 0x0000000707a00000|  0%| F|  |TAMS 0x0000000707800000, 0x0000000707800000| Untracked 
|  29|0x0000000707a00000, 0x0000000707a00000, 0x0000000707c00000|  0%| F|  |TAMS 0x0000000707a00000, 0x0000000707a00000| Untracked 
|  30|0x0000000707c00000, 0x0000000707c00000, 0x0000000707e00000|  0%| F|  |TAMS 0x0000000707c00000, 0x0000000707c00000| Untracked 
|  31|0x0000000707e00000, 0x0000000707e00000, 0x0000000708000000|  0%| F|  |TAMS 0x0000000707e00000, 0x0000000707e00000| Untracked 
|  32|0x0000000708000000, 0x0000000708000000, 0x0000000708200000|  0%| F|  |TAMS 0x0000000708000000, 0x0000000708000000| Untracked 
|  33|0x0000000708200000, 0x0000000708200000, 0x0000000708400000|  0%| F|  |TAMS 0x0000000708200000, 0x0000000708200000| Untracked 
|  34|0x0000000708400000, 0x0000000708400000, 0x0000000708600000|  0%| F|  |TAMS 0x0000000708400000, 0x0000000708400000| Untracked 
|  35|0x0000000708600000, 0x0000000708600000, 0x0000000708800000|  0%| F|  |TAMS 0x0000000708600000, 0x0000000708600000| Untracked 
|  36|0x0000000708800000, 0x0000000708800000, 0x0000000708a00000|  0%| F|  |TAMS 0x0000000708800000, 0x0000000708800000| Untracked 
|  37|0x0000000708a00000, 0x0000000708a00000, 0x0000000708c00000|  0%| F|  |TAMS 0x0000000708a00000, 0x0000000708a00000| Untracked 
|  38|0x0000000708c00000, 0x0000000708c00000, 0x0000000708e00000|  0%| F|  |TAMS 0x0000000708c00000, 0x0000000708c00000| Untracked 
|  39|0x0000000708e00000, 0x0000000708e00000, 0x0000000709000000|  0%| F|  |TAMS 0x0000000708e00000, 0x0000000708e00000| Untracked 
|  40|0x0000000709000000, 0x0000000709000000, 0x0000000709200000|  0%| F|  |TAMS 0x0000000709000000, 0x0000000709000000| Untracked 
|  41|0x0000000709200000, 0x0000000709200000, 0x0000000709400000|  0%| F|  |TAMS 0x0000000709200000, 0x0000000709200000| Untracked 
|  42|0x0000000709400000, 0x0000000709400000, 0x0000000709600000|  0%| F|  |TAMS 0x0000000709400000, 0x0000000709400000| Untracked 
|  43|0x0000000709600000, 0x0000000709600000, 0x0000000709800000|  0%| F|  |TAMS 0x0000000709600000, 0x0000000709600000| Untracked 
|  44|0x0000000709800000, 0x0000000709800000, 0x0000000709a00000|  0%| F|  |TAMS 0x0000000709800000, 0x0000000709800000| Untracked 
|  45|0x0000000709a00000, 0x0000000709a00000, 0x0000000709c00000|  0%| F|  |TAMS 0x0000000709a00000, 0x0000000709a00000| Untracked 
|  46|0x0000000709c00000, 0x0000000709c00000, 0x0000000709e00000|  0%| F|  |TAMS 0x0000000709c00000, 0x0000000709c00000| Untracked 
|  47|0x0000000709e00000, 0x0000000709e00000, 0x000000070a000000|  0%| F|  |TAMS 0x0000000709e00000, 0x0000000709e00000| Untracked 
|  48|0x000000070a000000, 0x000000070a000000, 0x000000070a200000|  0%| F|  |TAMS 0x000000070a000000, 0x000000070a000000| Untracked 
|  49|0x000000070a200000, 0x000000070a39c500, 0x000000070a400000| 80%| S|CS|TAMS 0x000000070a200000, 0x000000070a200000| Complete 
|  50|0x000000070a400000, 0x000000070a600000, 0x000000070a600000|100%| S|CS|TAMS 0x000000070a400000, 0x000000070a400000| Complete 
|  51|0x000000070a600000, 0x000000070a600000, 0x000000070a800000|  0%| F|  |TAMS 0x000000070a600000, 0x000000070a600000| Untracked 
|  52|0x000000070a800000, 0x000000070a800000, 0x000000070aa00000|  0%| F|  |TAMS 0x000000070a800000, 0x000000070a800000| Untracked 
|  53|0x000000070aa00000, 0x000000070aa00000, 0x000000070ac00000|  0%| F|  |TAMS 0x000000070aa00000, 0x000000070aa00000| Untracked 
|  54|0x000000070ac00000, 0x000000070ac00000, 0x000000070ae00000|  0%| F|  |TAMS 0x000000070ac00000, 0x000000070ac00000| Untracked 
|  55|0x000000070ae00000, 0x000000070ae00000, 0x000000070b000000|  0%| F|  |TAMS 0x000000070ae00000, 0x000000070ae00000| Untracked 
|  56|0x000000070b000000, 0x000000070b000000, 0x000000070b200000|  0%| F|  |TAMS 0x000000070b000000, 0x000000070b000000| Untracked 
|  57|0x000000070b200000, 0x000000070b200000, 0x000000070b400000|  0%| F|  |TAMS 0x000000070b200000, 0x000000070b200000| Untracked 
|  58|0x000000070b400000, 0x000000070b400000, 0x000000070b600000|  0%| F|  |TAMS 0x000000070b400000, 0x000000070b400000| Untracked 
|  59|0x000000070b600000, 0x000000070b600000, 0x000000070b800000|  0%| F|  |TAMS 0x000000070b600000, 0x000000070b600000| Untracked 
|  60|0x000000070b800000, 0x000000070b800000, 0x000000070ba00000|  0%| F|  |TAMS 0x000000070b800000, 0x000000070b800000| Untracked 
|  61|0x000000070ba00000, 0x000000070ba00000, 0x000000070bc00000|  0%| F|  |TAMS 0x000000070ba00000, 0x000000070ba00000| Untracked 
|  62|0x000000070bc00000, 0x000000070bc00000, 0x000000070be00000|  0%| F|  |TAMS 0x000000070bc00000, 0x000000070bc00000| Untracked 
|  63|0x000000070be00000, 0x000000070be00000, 0x000000070c000000|  0%| F|  |TAMS 0x000000070be00000, 0x000000070be00000| Untracked 
|  64|0x000000070c000000, 0x000000070c000000, 0x000000070c200000|  0%| F|  |TAMS 0x000000070c000000, 0x000000070c000000| Untracked 
|  65|0x000000070c200000, 0x000000070c200000, 0x000000070c400000|  0%| F|  |TAMS 0x000000070c200000, 0x000000070c200000| Untracked 
|  66|0x000000070c400000, 0x000000070c400000, 0x000000070c600000|  0%| F|  |TAMS 0x000000070c400000, 0x000000070c400000| Untracked 
|  67|0x000000070c600000, 0x000000070c600000, 0x000000070c800000|  0%| F|  |TAMS 0x000000070c600000, 0x000000070c600000| Untracked 
|  68|0x000000070c800000, 0x000000070c800000, 0x000000070ca00000|  0%| F|  |TAMS 0x000000070c800000, 0x000000070c800000| Untracked 
|  69|0x000000070ca00000, 0x000000070ca00000, 0x000000070cc00000|  0%| F|  |TAMS 0x000000070ca00000, 0x000000070ca00000| Untracked 
|  70|0x000000070cc00000, 0x000000070cc00000, 0x000000070ce00000|  0%| F|  |TAMS 0x000000070cc00000, 0x000000070cc00000| Untracked 
|  71|0x000000070ce00000, 0x000000070ce00000, 0x000000070d000000|  0%| F|  |TAMS 0x000000070ce00000, 0x000000070ce00000| Untracked 
|  72|0x000000070d000000, 0x000000070d000000, 0x000000070d200000|  0%| F|  |TAMS 0x000000070d000000, 0x000000070d000000| Untracked 
|  73|0x000000070d200000, 0x000000070d200000, 0x000000070d400000|  0%| F|  |TAMS 0x000000070d200000, 0x000000070d200000| Untracked 
|  74|0x000000070d400000, 0x000000070d400000, 0x000000070d600000|  0%| F|  |TAMS 0x000000070d400000, 0x000000070d400000| Untracked 
|  75|0x000000070d600000, 0x000000070d600000, 0x000000070d800000|  0%| F|  |TAMS 0x000000070d600000, 0x000000070d600000| Untracked 
|  76|0x000000070d800000, 0x000000070d800000, 0x000000070da00000|  0%| F|  |TAMS 0x000000070d800000, 0x000000070d800000| Untracked 
|  77|0x000000070da00000, 0x000000070da00000, 0x000000070dc00000|  0%| F|  |TAMS 0x000000070da00000, 0x000000070da00000| Untracked 
|  78|0x000000070dc00000, 0x000000070dc00000, 0x000000070de00000|  0%| F|  |TAMS 0x000000070dc00000, 0x000000070dc00000| Untracked 
|  79|0x000000070de00000, 0x000000070de00000, 0x000000070e000000|  0%| F|  |TAMS 0x000000070de00000, 0x000000070de00000| Untracked 
|  80|0x000000070e000000, 0x000000070e000000, 0x000000070e200000|  0%| F|  |TAMS 0x000000070e000000, 0x000000070e000000| Untracked 
|  81|0x000000070e200000, 0x000000070e200000, 0x000000070e400000|  0%| F|  |TAMS 0x000000070e200000, 0x000000070e200000| Untracked 
|  82|0x000000070e400000, 0x000000070e400000, 0x000000070e600000|  0%| F|  |TAMS 0x000000070e400000, 0x000000070e400000| Untracked 
|  83|0x000000070e600000, 0x000000070e600000, 0x000000070e800000|  0%| F|  |TAMS 0x000000070e600000, 0x000000070e600000| Untracked 
|  84|0x000000070e800000, 0x000000070e800000, 0x000000070ea00000|  0%| F|  |TAMS 0x000000070e800000, 0x000000070e800000| Untracked 
|  85|0x000000070ea00000, 0x000000070ea00000, 0x000000070ec00000|  0%| F|  |TAMS 0x000000070ea00000, 0x000000070ea00000| Untracked 
|  86|0x000000070ec00000, 0x000000070ec00000, 0x000000070ee00000|  0%| F|  |TAMS 0x000000070ec00000, 0x000000070ec00000| Untracked 
|  87|0x000000070ee00000, 0x000000070ee00000, 0x000000070f000000|  0%| F|  |TAMS 0x000000070ee00000, 0x000000070ee00000| Untracked 
|  88|0x000000070f000000, 0x000000070f000000, 0x000000070f200000|  0%| F|  |TAMS 0x000000070f000000, 0x000000070f000000| Untracked 
|  89|0x000000070f200000, 0x000000070f200000, 0x000000070f400000|  0%| F|  |TAMS 0x000000070f200000, 0x000000070f200000| Untracked 
|  90|0x000000070f400000, 0x000000070f400000, 0x000000070f600000|  0%| F|  |TAMS 0x000000070f400000, 0x000000070f400000| Untracked 
|  91|0x000000070f600000, 0x000000070f600000, 0x000000070f800000|  0%| F|  |TAMS 0x000000070f600000, 0x000000070f600000| Untracked 
|  92|0x000000070f800000, 0x000000070f800000, 0x000000070fa00000|  0%| F|  |TAMS 0x000000070f800000, 0x000000070f800000| Untracked 
|  93|0x000000070fa00000, 0x000000070fa00000, 0x000000070fc00000|  0%| F|  |TAMS 0x000000070fa00000, 0x000000070fa00000| Untracked 
|  94|0x000000070fc00000, 0x000000070fc00000, 0x000000070fe00000|  0%| F|  |TAMS 0x000000070fc00000, 0x000000070fc00000| Untracked 
|  95|0x000000070fe00000, 0x000000070fe00000, 0x0000000710000000|  0%| F|  |TAMS 0x000000070fe00000, 0x000000070fe00000| Untracked 
|  96|0x0000000710000000, 0x0000000710000000, 0x0000000710200000|  0%| F|  |TAMS 0x0000000710000000, 0x0000000710000000| Untracked 
|  97|0x0000000710200000, 0x0000000710200000, 0x0000000710400000|  0%| F|  |TAMS 0x0000000710200000, 0x0000000710200000| Untracked 
|  98|0x0000000710400000, 0x0000000710400000, 0x0000000710600000|  0%| F|  |TAMS 0x0000000710400000, 0x0000000710400000| Untracked 
|  99|0x0000000710600000, 0x0000000710600000, 0x0000000710800000|  0%| F|  |TAMS 0x0000000710600000, 0x0000000710600000| Untracked 
| 100|0x0000000710800000, 0x0000000710800000, 0x0000000710a00000|  0%| F|  |TAMS 0x0000000710800000, 0x0000000710800000| Untracked 
| 101|0x0000000710a00000, 0x0000000710a00000, 0x0000000710c00000|  0%| F|  |TAMS 0x0000000710a00000, 0x0000000710a00000| Untracked 
| 102|0x0000000710c00000, 0x0000000710e00000, 0x0000000710e00000|100%| E|  |TAMS 0x0000000710c00000, 0x0000000710c00000| Complete 
| 103|0x0000000710e00000, 0x0000000711000000, 0x0000000711000000|100%| E|CS|TAMS 0x0000000710e00000, 0x0000000710e00000| Complete 
| 104|0x0000000711000000, 0x0000000711200000, 0x0000000711200000|100%| E|CS|TAMS 0x0000000711000000, 0x0000000711000000| Complete 
| 105|0x0000000711200000, 0x0000000711400000, 0x0000000711400000|100%| E|CS|TAMS 0x0000000711200000, 0x0000000711200000| Complete 
| 106|0x0000000711400000, 0x0000000711600000, 0x0000000711600000|100%| E|CS|TAMS 0x0000000711400000, 0x0000000711400000| Complete 
| 107|0x0000000711600000, 0x0000000711800000, 0x0000000711800000|100%| E|CS|TAMS 0x0000000711600000, 0x0000000711600000| Complete 
| 108|0x0000000711800000, 0x0000000711a00000, 0x0000000711a00000|100%| E|CS|TAMS 0x0000000711800000, 0x0000000711800000| Complete 
| 109|0x0000000711a00000, 0x0000000711c00000, 0x0000000711c00000|100%| E|CS|TAMS 0x0000000711a00000, 0x0000000711a00000| Complete 
| 110|0x0000000711c00000, 0x0000000711e00000, 0x0000000711e00000|100%| E|CS|TAMS 0x0000000711c00000, 0x0000000711c00000| Complete 
| 111|0x0000000711e00000, 0x0000000712000000, 0x0000000712000000|100%| E|CS|TAMS 0x0000000711e00000, 0x0000000711e00000| Complete 
| 112|0x0000000712000000, 0x0000000712200000, 0x0000000712200000|100%| E|CS|TAMS 0x0000000712000000, 0x0000000712000000| Complete 
| 113|0x0000000712200000, 0x0000000712400000, 0x0000000712400000|100%| E|CS|TAMS 0x0000000712200000, 0x0000000712200000| Complete 
| 114|0x0000000712400000, 0x0000000712600000, 0x0000000712600000|100%| E|CS|TAMS 0x0000000712400000, 0x0000000712400000| Complete 
| 115|0x0000000712600000, 0x0000000712800000, 0x0000000712800000|100%| E|CS|TAMS 0x0000000712600000, 0x0000000712600000| Complete 
| 116|0x0000000712800000, 0x0000000712a00000, 0x0000000712a00000|100%| E|CS|TAMS 0x0000000712800000, 0x0000000712800000| Complete 
| 117|0x0000000712a00000, 0x0000000712c00000, 0x0000000712c00000|100%| E|CS|TAMS 0x0000000712a00000, 0x0000000712a00000| Complete 
| 118|0x0000000712c00000, 0x0000000712e00000, 0x0000000712e00000|100%| E|CS|TAMS 0x0000000712c00000, 0x0000000712c00000| Complete 
| 119|0x0000000712e00000, 0x0000000713000000, 0x0000000713000000|100%| E|CS|TAMS 0x0000000712e00000, 0x0000000712e00000| Complete 
| 120|0x0000000713000000, 0x0000000713200000, 0x0000000713200000|100%| E|CS|TAMS 0x0000000713000000, 0x0000000713000000| Complete 
| 121|0x0000000713200000, 0x0000000713400000, 0x0000000713400000|100%| E|CS|TAMS 0x0000000713200000, 0x0000000713200000| Complete 
| 122|0x0000000713400000, 0x0000000713600000, 0x0000000713600000|100%| E|CS|TAMS 0x0000000713400000, 0x0000000713400000| Complete 
| 123|0x0000000713600000, 0x0000000713800000, 0x0000000713800000|100%| E|CS|TAMS 0x0000000713600000, 0x0000000713600000| Complete 
| 124|0x0000000713800000, 0x0000000713a00000, 0x0000000713a00000|100%| E|CS|TAMS 0x0000000713800000, 0x0000000713800000| Complete 
| 125|0x0000000713a00000, 0x0000000713c00000, 0x0000000713c00000|100%| E|CS|TAMS 0x0000000713a00000, 0x0000000713a00000| Complete 

Card table byte_map: [0x000002279e8e0000,0x000002279f0c0000] _byte_map_base: 0x000002279b0c0000

Marking Bits (Prev, Next): (CMBitMap*) 0x000002278544d2e0, (CMBitMap*) 0x000002278544d320
 Prev Bits: [0x000002279f8a0000, 0x00000227a37a0000)
 Next Bits: [0x00000227a37a0000, 0x00000227a76a0000)

Polling page: 0x0000022785230000

Metaspace:

Usage:
  Non-class:      6.27 MB used.
      Class:    469.24 KB used.
       Both:      6.72 MB used.

Virtual space:
  Non-class space:       16.00 MB reserved,       6.38 MB ( 40%) committed,  2 nodes.
      Class space:        1.00 GB reserved,     512.00 KB ( <1%) committed,  1 nodes.
             Both:        1.02 GB reserved,       6.88 MB ( <1%) committed. 

Chunk freelists:
   Non-Class:  3.91 MB
       Class:  3.44 MB
        Both:  7.34 MB

MaxMetaspaceSize: unlimited
CompressedClassSpaceSize: 1.00 GB
Initial GC threshold: 21.00 MB
Current GC threshold: 21.00 MB
CDS: on
MetaspaceReclaimPolicy: balanced
 - commit_granule_bytes: 65536.
 - commit_granule_words: 8192.
 - virtual_space_node_default_size: 1048576.
 - enlarge_chunks_in_place: 1.
 - new_chunks_are_fully_committed: 0.
 - uncommit_free_chunks: 1.
 - use_allocation_guard: 0.
 - handle_deallocations: 1.


Internal statistics:

num_allocs_failed_limit: 0.
num_arena_births: 72.
num_arena_deaths: 0.
num_vsnodes_births: 3.
num_vsnodes_deaths: 0.
num_space_committed: 108.
num_space_uncommitted: 0.
num_chunks_returned_to_freelist: 0.
num_chunks_taken_from_freelist: 265.
num_chunk_merges: 0.
num_chunk_splits: 180.
num_chunks_enlarged: 137.
num_purges: 0.
num_inconsistent_stats: 0.

CodeHeap 'non-profiled nmethods': size=120000Kb used=1590Kb max_used=1590Kb free=118410Kb
 bounds [0x0000022796160000, 0x00000227963d0000, 0x000002279d690000]
CodeHeap 'profiled nmethods': size=120000Kb used=3898Kb max_used=3898Kb free=116101Kb
 bounds [0x000002278e690000, 0x000002278ea60000, 0x0000022795bc0000]
CodeHeap 'non-nmethods': size=5760Kb used=1688Kb max_used=1739Kb free=4071Kb
 bounds [0x0000022795bc0000, 0x0000022795e30000, 0x0000022796160000]
 total_blobs=2897 nmethods=1857 adapters=953
 compilation: enabled
              stopped_count=0, restarted_count=0
 full_count=0

Compilation events (20 events):
Event: 14.078 Thread 0x00000227aac4fb60 1855       3       com.badlogic.gdx.utils.XmlReader$Element::getChildrenByName (69 bytes)
Event: 14.078 Thread 0x00000227aac4fb60 nmethod 1855 0x000002278ea5b990 code [0x000002278ea5bba0, 0x000002278ea5c288]
Event: 14.078 Thread 0x00000227aac4fb60 1853       3       com.badlogic.gdx.maps.tiled.BaseTmxMapLoader::addTileProperties (108 bytes)
Event: 14.079 Thread 0x00000227aac4fb60 nmethod 1853 0x000002278ea5c510 code [0x000002278ea5c840, 0x000002278ea5daf8]
Event: 14.079 Thread 0x00000227aac4fb60 1854       3       com.badlogic.gdx.maps.tiled.tiles.StaticTiledMapTile::getProperties (23 bytes)
Event: 14.079 Thread 0x00000227aac4fb60 nmethod 1854 0x000002278ea5e290 code [0x000002278ea5e480, 0x000002278ea5e8e8]
Event: 14.084 Thread 0x00000227bb18c030 nmethod 1818 0x00000227962dbb10 code [0x00000227962dbd00, 0x00000227962dc868]
Event: 14.084 Thread 0x00000227bb18c030 1819       4       com.badlogic.gdx.utils.IntMap::locateKey (46 bytes)
Event: 14.085 Thread 0x00000227bb18c030 nmethod 1819 0x00000227962dd010 code [0x00000227962dd180, 0x00000227962dd2b8]
Event: 14.085 Thread 0x00000227bb18c030 1838       4       com.badlogic.gdx.maps.tiled.TiledMapTileLayer::getCell (37 bytes)
Event: 14.085 Thread 0x00000227bb18c030 nmethod 1838 0x00000227962dd410 code [0x00000227962dd5a0, 0x00000227962dd718]
Event: 14.085 Thread 0x00000227bb18c030 1856       4       com.badlogic.gdx.graphics.g2d.TextureRegion::setRegion (71 bytes)
Event: 14.088 Thread 0x00000227bb18c030 nmethod 1856 0x00000227962dd890 code [0x00000227962dda60, 0x00000227962dde58]
Event: 14.088 Thread 0x00000227bb18c030 1857       4       com.badlogic.gdx.graphics.g2d.TextureRegion::setRegion (129 bytes)
Event: 14.089 Thread 0x00000227bb18c030 nmethod 1857 0x00000227962de110 code [0x00000227962de2a0, 0x00000227962de5b8]
Event: 14.089 Thread 0x00000227bb18c030 1851       4       com.badlogic.gdx.utils.ObjectMap::put (78 bytes)
Event: 14.090 Thread 0x00000227aac4b250 nmethod 1805 0x00000227962de790 code [0x00000227962dea20, 0x00000227962e1a08]
Event: 14.091 Thread 0x00000227aac4b250 1850       4       java.nio.charset.CoderResult::isUnderflow (13 bytes)
Event: 14.091 Thread 0x00000227aac4b250 nmethod 1850 0x00000227962e3690 code [0x00000227962e3800, 0x00000227962e3898]
Event: 14.094 Thread 0x00000227bb18c030 nmethod 1851 0x00000227962e3990 code [0x00000227962e3b40, 0x00000227962e4278]

GC Heap History (10 events):
Event: 1.828 GC heap before
{Heap before GC invocations=0 (full 0):
 garbage-first heap   total 258048K, used 20480K [0x0000000704000000, 0x0000000800000000)
  region size 2048K, 11 young (22528K), 0 survivors (0K)
 Metaspace       used 5894K, committed 6080K, reserved 1056768K
  class space    used 419K, committed 512K, reserved 1048576K
}
Event: 1.831 GC heap after
{Heap after GC invocations=1 (full 0):
 garbage-first heap   total 258048K, used 2986K [0x0000000704000000, 0x0000000800000000)
  region size 2048K, 2 young (4096K), 2 survivors (4096K)
 Metaspace       used 5894K, committed 6080K, reserved 1056768K
  class space    used 419K, committed 512K, reserved 1048576K
}
Event: 2.637 GC heap before
{Heap before GC invocations=1 (full 0):
 garbage-first heap   total 258048K, used 37802K [0x0000000704000000, 0x0000000800000000)
  region size 2048K, 19 young (38912K), 2 survivors (4096K)
 Metaspace       used 6230K, committed 6400K, reserved 1056768K
  class space    used 433K, committed 512K, reserved 1048576K
}
Event: 2.639 GC heap after
{Heap after GC invocations=2 (full 0):
 garbage-first heap   total 258048K, used 3366K [0x0000000704000000, 0x0000000800000000)
  region size 2048K, 2 young (4096K), 2 survivors (4096K)
 Metaspace       used 6230K, committed 6400K, reserved 1056768K
  class space    used 433K, committed 512K, reserved 1048576K
}
Event: 6.058 GC heap before
{Heap before GC invocations=2 (full 0):
 garbage-first heap   total 258048K, used 152870K [0x0000000704000000, 0x0000000800000000)
  region size 2048K, 75 young (153600K), 2 survivors (4096K)
 Metaspace       used 6451K, committed 6592K, reserved 1056768K
  class space    used 433K, committed 512K, reserved 1048576K
}
Event: 6.060 GC heap after
{Heap after GC invocations=3 (full 0):
 garbage-first heap   total 258048K, used 3381K [0x0000000704000000, 0x0000000800000000)
  region size 2048K, 2 young (4096K), 2 survivors (4096K)
 Metaspace       used 6451K, committed 6592K, reserved 1056768K
  class space    used 433K, committed 512K, reserved 1048576K
}
Event: 9.489 GC heap before
{Heap before GC invocations=3 (full 0):
 garbage-first heap   total 258048K, used 152885K [0x0000000704000000, 0x0000000800000000)
  region size 2048K, 75 young (153600K), 2 survivors (4096K)
 Metaspace       used 6490K, committed 6656K, reserved 1056768K
  class space    used 433K, committed 512K, reserved 1048576K
}
Event: 9.491 GC heap after
{Heap after GC invocations=4 (full 0):
 garbage-first heap   total 258048K, used 3621K [0x0000000704000000, 0x0000000800000000)
  region size 2048K, 2 young (4096K), 2 survivors (4096K)
 Metaspace       used 6490K, committed 6656K, reserved 1056768K
  class space    used 433K, committed 512K, reserved 1048576K
}
Event: 12.942 GC heap before
{Heap before GC invocations=4 (full 0):
 garbage-first heap   total 258048K, used 153125K [0x0000000704000000, 0x0000000800000000)
  region size 2048K, 75 young (153600K), 2 survivors (4096K)
 Metaspace       used 6501K, committed 6656K, reserved 1056768K
  class space    used 433K, committed 512K, reserved 1048576K
}
Event: 12.944 GC heap after
{Heap after GC invocations=5 (full 0):
 garbage-first heap   total 258048K, used 3697K [0x0000000704000000, 0x0000000800000000)
  region size 2048K, 2 young (4096K), 2 survivors (4096K)
 Metaspace       used 6501K, committed 6656K, reserved 1056768K
  class space    used 433K, committed 512K, reserved 1048576K
}

Dll operation events (9 events):
Event: 0.019 Loaded shared library C:\Program Files\Amazon Corretto\jdk17.0.6_10\bin\java.dll
Event: 0.025 Loaded shared library C:\Program Files\Amazon Corretto\jdk17.0.6_10\bin\jsvml.dll
Event: 0.143 Loaded shared library C:\Program Files\Amazon Corretto\jdk17.0.6_10\bin\net.dll
Event: 0.144 Loaded shared library C:\Program Files\Amazon Corretto\jdk17.0.6_10\bin\nio.dll
Event: 0.146 Loaded shared library C:\Program Files\Amazon Corretto\jdk17.0.6_10\bin\zip.dll
Event: 0.202 Loaded shared library C:\Program Files\Amazon Corretto\jdk17.0.6_10\bin\jimage.dll
Event: 0.269 Loaded shared library C:\Users\thoma\AppData\Local\Temp\libgdxthoma\e787ab0a\gdx64.dll
Event: 0.332 Loaded shared library C:\Users\thoma\AppData\Local\Temp\lwjglthoma\3.3.1-build-7\lwjgl.dll
Event: 1.457 Loaded shared library C:\Users\thoma\AppData\Local\Temp\lwjglthoma\3.3.1-build-7\lwjgl_opengl.dll

Deoptimization events (20 events):
Event: 14.017 Thread 0x00000227853d96c0 DEOPT PACKING pc=0x0000022796200e3c sp=0x000000e5073feb30
Event: 14.017 Thread 0x00000227853d96c0 DEOPT UNPACKING pc=0x0000022795c1a1a3 sp=0x000000e5073feb00 mode 2
Event: 14.017 Thread 0x00000227853d96c0 Uncommon trap: trap_request=0xffffffbe fr.pc=0x0000022796200e3c relative=0x00000000000002fc
Event: 14.017 Thread 0x00000227853d96c0 Uncommon trap: reason=profile_predicate action=maybe_recompile pc=0x0000022796200e3c method=java.util.regex.Pattern$Slice.match(Ljava/util/regex/Matcher;ILjava/lang/CharSequence;)Z @ 18 c2
Event: 14.017 Thread 0x00000227853d96c0 DEOPT PACKING pc=0x0000022796200e3c sp=0x000000e5073feb30
Event: 14.017 Thread 0x00000227853d96c0 DEOPT UNPACKING pc=0x0000022795c1a1a3 sp=0x000000e5073feb00 mode 2
Event: 14.017 Thread 0x00000227853d96c0 Uncommon trap: trap_request=0xffffffbe fr.pc=0x0000022796200e3c relative=0x00000000000002fc
Event: 14.017 Thread 0x00000227853d96c0 Uncommon trap: reason=profile_predicate action=maybe_recompile pc=0x0000022796200e3c method=java.util.regex.Pattern$Slice.match(Ljava/util/regex/Matcher;ILjava/lang/CharSequence;)Z @ 18 c2
Event: 14.017 Thread 0x00000227853d96c0 DEOPT PACKING pc=0x0000022796200e3c sp=0x000000e5073feb30
Event: 14.017 Thread 0x00000227853d96c0 DEOPT UNPACKING pc=0x0000022795c1a1a3 sp=0x000000e5073feb00 mode 2
Event: 14.020 Thread 0x00000227853d96c0 DEOPT PACKING pc=0x000002278ea1129a sp=0x000000e5073febf0
Event: 14.020 Thread 0x00000227853d96c0 DEOPT UNPACKING pc=0x0000022795c1ace3 sp=0x000000e5073fe218 mode 0
Event: 14.021 Thread 0x00000227853d96c0 Uncommon trap: trap_request=0xffffff3d fr.pc=0x00000227962cbe50 relative=0x00000000000051f0
Event: 14.021 Thread 0x00000227853d96c0 Uncommon trap: reason=unstable_fused_if action=reinterpret pc=0x00000227962cbe50 method=com.badlogic.gdx.utils.XmlReader.parse([CII)Lcom/badlogic/gdx/utils/XmlReader$Element; @ 843 c2
Event: 14.021 Thread 0x00000227853d96c0 DEOPT PACKING pc=0x00000227962cbe50 sp=0x000000e5073fed10
Event: 14.021 Thread 0x00000227853d96c0 DEOPT UNPACKING pc=0x0000022795c1a1a3 sp=0x000000e5073fed20 mode 2
Event: 14.052 Thread 0x00000227853d96c0 Uncommon trap: trap_request=0xffffff45 fr.pc=0x00000227962b4230 relative=0x0000000000001250
Event: 14.052 Thread 0x00000227853d96c0 Uncommon trap: reason=unstable_if action=reinterpret pc=0x00000227962b4230 method=com.badlogic.gdx.graphics.g2d.SpriteBatch.flush()V @ 41 c2
Event: 14.052 Thread 0x00000227853d96c0 DEOPT PACKING pc=0x00000227962b4230 sp=0x000000e5073fef00
Event: 14.052 Thread 0x00000227853d96c0 DEOPT UNPACKING pc=0x0000022795c1a1a3 sp=0x000000e5073fef08 mode 2

Classes unloaded (0 events):
No events

Classes redefined (0 events):
No events

Internal exceptions (20 events):
Event: 0.331 Thread 0x00000227853d96c0 Exception <a 'sun/nio/fs/WindowsException'{0x0000000713224e30}> (0x0000000713224e30) 
thrown [s\src\hotspot\share\prims\jni.cpp, line 516]
Event: 0.331 Thread 0x00000227853d96c0 Exception <a 'sun/nio/fs/WindowsException'{0x0000000713225380}> (0x0000000713225380) 
thrown [s\src\hotspot\share\prims\jni.cpp, line 516]
Event: 0.338 Thread 0x00000227853d96c0 Exception <a 'java/lang/NoSuchMethodError'{0x00000007132636d8}: 'int java.lang.invoke.DirectMethodHandle$Holder.invokeStaticInit(java.lang.Object, java.lang.Object, int, long)'> (0x00000007132636d8) 
thrown [s\src\hotspot\share\interpreter\linkResolver.cpp, line 759]
Event: 0.339 Thread 0x00000227853d96c0 Exception <a 'java/lang/NoSuchMethodError'{0x0000000713268fa0}: 'java.lang.Object java.lang.invoke.DirectMethodHandle$Holder.newInvokeSpecial(java.lang.Object, java.lang.Object, int)'> (0x0000000713268fa0) 
thrown [s\src\hotspot\share\interpreter\linkResolver.cpp, line 759]
Event: 0.341 Thread 0x00000227853d96c0 Exception <a 'java/lang/NoSuchMethodError'{0x000000071327df88}: 'int java.lang.invoke.DirectMethodHandle$Holder.invokeStaticInit(java.lang.Object, java.lang.Object, long, long)'> (0x000000071327df88) 
thrown [s\src\hotspot\share\interpreter\linkResolver.cpp, line 759]
Event: 0.341 Thread 0x00000227853d96c0 Exception <a 'java/lang/NoSuchMethodError'{0x0000000713284098}: 'java.lang.Object java.lang.invoke.DirectMethodHandle$Holder.newInvokeSpecial(java.lang.Object, java.lang.Object, long)'> (0x0000000713284098) 
thrown [s\src\hotspot\share\interpreter\linkResolver.cpp, line 759]
Event: 0.341 Thread 0x00000227853d96c0 Exception <a 'java/lang/NoSuchMethodError'{0x00000007132880e0}: 'java.lang.Object java.lang.invoke.Invokers$Holder.linkToTargetMethod(java.lang.Object, long, java.lang.Object)'> (0x00000007132880e0) 
thrown [s\src\hotspot\share\interpreter\linkResolver.cpp, line 759]
Event: 0.342 Thread 0x00000227853d96c0 Exception <a 'java/lang/NoSuchMethodError'{0x000000071328f7f8}: 'int java.lang.invoke.DirectMethodHandle$Holder.invokeStaticInit(java.lang.Object, java.lang.Object, java.lang.Object, long)'> (0x000000071328f7f8) 
thrown [s\src\hotspot\share\interpreter\linkResolver.cpp, line 759]
Event: 0.355 Thread 0x00000227853d96c0 Exception <a 'sun/nio/fs/WindowsException'{0x0000000713347238}> (0x0000000713347238) 
thrown [s\src\hotspot\share\prims\jni.cpp, line 516]
Event: 0.355 Thread 0x00000227853d96c0 Exception <a 'sun/nio/fs/WindowsException'{0x00000007133475c8}> (0x00000007133475c8) 
thrown [s\src\hotspot\share\prims\jni.cpp, line 516]
Event: 0.372 Thread 0x00000227853d96c0 Exception <a 'sun/nio/fs/WindowsException'{0x0000000713009e28}> (0x0000000713009e28) 
thrown [s\src\hotspot\share\prims\jni.cpp, line 516]
Event: 0.372 Thread 0x00000227853d96c0 Exception <a 'sun/nio/fs/WindowsException'{0x000000071300a188}> (0x000000071300a188) 
thrown [s\src\hotspot\share\prims\jni.cpp, line 516]
Event: 0.400 Thread 0x00000227853d96c0 Exception <a 'sun/nio/fs/WindowsException'{0x000000071309c5e0}> (0x000000071309c5e0) 
thrown [s\src\hotspot\share\prims\jni.cpp, line 516]
Event: 0.400 Thread 0x00000227853d96c0 Exception <a 'sun/nio/fs/WindowsException'{0x000000071309c960}> (0x000000071309c960) 
thrown [s\src\hotspot\share\prims\jni.cpp, line 516]
Event: 1.284 Thread 0x00000227853d96c0 Exception <a 'java/lang/NoSuchMethodError'{0x00000007130e8340}: 'java.lang.Object java.lang.invoke.DirectMethodHandle$Holder.newInvokeSpecial(java.lang.Object, long)'> (0x00000007130e8340) 
thrown [s\src\hotspot\share\interpreter\linkResolver.cpp, line 759]
Event: 1.456 Thread 0x00000227853d96c0 Exception <a 'sun/nio/fs/WindowsException'{0x0000000712e183c0}> (0x0000000712e183c0) 
thrown [s\src\hotspot\share\prims\jni.cpp, line 516]
Event: 1.456 Thread 0x00000227853d96c0 Exception <a 'sun/nio/fs/WindowsException'{0x0000000712e18768}> (0x0000000712e18768) 
thrown [s\src\hotspot\share\prims\jni.cpp, line 516]
Event: 1.459 Thread 0x00000227853d96c0 Exception <a 'sun/nio/fs/WindowsException'{0x0000000712e27cd0}> (0x0000000712e27cd0) 
thrown [s\src\hotspot\share\prims\jni.cpp, line 516]
Event: 1.459 Thread 0x00000227853d96c0 Exception <a 'sun/nio/fs/WindowsException'{0x0000000712e27fb0}> (0x0000000712e27fb0) 
thrown [s\src\hotspot\share\prims\jni.cpp, line 516]
Event: 13.812 Thread 0x00000227853d96c0 Implicit null exception at 0x0000022796250809 to 0x0000022796250a70

VM Operations (20 events):
Event: 5.640 Executing VM operation: Cleanup
Event: 5.640 Executing VM operation: Cleanup done
Event: 6.057 Executing VM operation: G1CollectForAllocation
Event: 6.060 Executing VM operation: G1CollectForAllocation done
Event: 8.060 Executing VM operation: Cleanup
Event: 8.060 Executing VM operation: Cleanup done
Event: 9.061 Executing VM operation: Cleanup
Event: 9.061 Executing VM operation: Cleanup done
Event: 9.489 Executing VM operation: G1CollectForAllocation
Event: 9.491 Executing VM operation: G1CollectForAllocation done
Event: 11.492 Executing VM operation: Cleanup
Event: 11.492 Executing VM operation: Cleanup done
Event: 12.493 Executing VM operation: Cleanup
Event: 12.493 Executing VM operation: Cleanup done
Event: 12.942 Executing VM operation: G1CollectForAllocation
Event: 12.944 Executing VM operation: G1CollectForAllocation done
Event: 13.945 Executing VM operation: Cleanup
Event: 13.945 Executing VM operation: Cleanup done
Event: 14.021 Executing VM operation: HandshakeAllThreads
Event: 14.021 Executing VM operation: HandshakeAllThreads done

Events (20 events):
Event: 1.941 loading class jdk/internal/reflect/ClassDefiner$1 done
Event: 1.941 loading class jdk/internal/reflect/BootstrapConstructorAccessorImpl
Event: 1.941 loading class jdk/internal/reflect/BootstrapConstructorAccessorImpl done
Event: 2.636 Thread 0x00000227adafaee0 Thread exited: 0x00000227adafaee0
Event: 3.121 Thread 0x00000227b488e260 Thread added: 0x00000227b488e260
Event: 3.522 Thread 0x00000227b488e260 Thread exited: 0x00000227b488e260
Event: 7.524 Thread 0x00000227adf34020 Thread added: 0x00000227adf34020
Event: 7.524 Thread 0x00000227adf34530 Thread added: 0x00000227adf34530
Event: 8.355 Thread 0x00000227adf34530 Thread exited: 0x00000227adf34530
Event: 9.672 Thread 0x00000227adf34020 Thread exited: 0x00000227adf34020
Event: 10.655 loading class java/net/Proxy
Event: 10.656 loading class java/net/Proxy done
Event: 13.858 loading class java/util/zip/GZIPInputStream
Event: 13.869 loading class java/util/zip/GZIPInputStream done
Event: 13.872 loading class java/lang/NegativeArraySizeException
Event: 13.872 loading class java/lang/NegativeArraySizeException done
Event: 13.872 loading class java/lang/StringIndexOutOfBoundsException
Event: 13.873 loading class java/lang/StringIndexOutOfBoundsException done
Event: 13.903 Thread 0x00000227bb18c030 Thread added: 0x00000227bb18c030
Event: 13.906 Thread 0x00000227bb1f05f0 Thread added: 0x00000227bb1f05f0


Dynamic libraries:
0x00007ff6585d0000 - 0x00007ff6585dd000 	C:\Program Files\Amazon Corretto\jdk17.0.6_10\bin\java.exe
0x00007ffc96ef0000 - 0x00007ffc970e8000 	C:\Windows\SYSTEM32\ntdll.dll
0x00007ffc96310000 - 0x00007ffc963cf000 	C:\Windows\System32\KERNEL32.DLL
0x00007ffc946a0000 - 0x00007ffc94972000 	C:\Windows\System32\KERNELBASE.dll
0x00007ffc94da0000 - 0x00007ffc94ea0000 	C:\Windows\System32\ucrtbase.dll
0x00007ffc8aed0000 - 0x00007ffc8aee5000 	C:\Program Files\Amazon Corretto\jdk17.0.6_10\bin\VCRUNTIME140.dll
0x00007ffc8ae50000 - 0x00007ffc8ae67000 	C:\Program Files\Amazon Corretto\jdk17.0.6_10\bin\jli.dll
0x00007ffc96720000 - 0x00007ffc968bd000 	C:\Windows\System32\USER32.dll
0x00007ffc94b50000 - 0x00007ffc94b72000 	C:\Windows\System32\win32u.dll
0x00007ffc7cc20000 - 0x00007ffc7ceba000 	C:\Windows\WinSxS\amd64_microsoft.windows.common-controls_6595b64144ccf1df_6.0.19041.1110_none_60b5254171f9507e\COMCTL32.dll
0x00007ffc95f80000 - 0x00007ffc95fab000 	C:\Windows\System32\GDI32.dll
0x00007ffc94bd0000 - 0x00007ffc94cdf000 	C:\Windows\System32\gdi32full.dll
0x00007ffc94fa0000 - 0x00007ffc9503e000 	C:\Windows\System32\msvcrt.dll
0x00007ffc94ea0000 - 0x00007ffc94f3d000 	C:\Windows\System32\msvcp_win.dll
0x00007ffc95e10000 - 0x00007ffc95e42000 	C:\Windows\System32\IMM32.DLL
0x00007ffc68430000 - 0x00007ffc684b5000 	C:\Program Files (x86)\F-Secure\SAFE\Ultralight\ulcore\1670839193\fshook64.dll
0x00007ffc95550000 - 0x00007ffc955fe000 	C:\Windows\System32\ADVAPI32.dll
0x00007ffc95d70000 - 0x00007ffc95e0c000 	C:\Windows\System32\sechost.dll
0x00007ffc965f0000 - 0x00007ffc96715000 	C:\Windows\System32\RPCRT4.dll
0x00007ffc66e50000 - 0x00007ffc66eeb000 	C:\Program Files\Amazon Corretto\jdk17.0.6_10\bin\msvcp140.dll
0x00007ffc373a0000 - 0x00007ffc37fb8000 	C:\Program Files\Amazon Corretto\jdk17.0.6_10\bin\server\jvm.dll
0x00007ffc85a60000 - 0x00007ffc85a87000 	C:\Windows\SYSTEM32\WINMM.dll
0x00007ffc8f2c0000 - 0x00007ffc8f2ca000 	C:\Windows\SYSTEM32\VERSION.dll
0x00007ffc8f6c0000 - 0x00007ffc8f6c9000 	C:\Windows\SYSTEM32\WSOCK32.dll
0x00007ffc952d0000 - 0x00007ffc9533b000 	C:\Windows\System32\WS2_32.dll
0x00007ffc92e40000 - 0x00007ffc92e52000 	C:\Windows\SYSTEM32\kernel.appcore.dll
0x00007ffc8d000000 - 0x00007ffc8d00a000 	C:\Program Files\Amazon Corretto\jdk17.0.6_10\bin\jimage.dll
0x00007ffc92460000 - 0x00007ffc92644000 	C:\Windows\SYSTEM32\DBGHELP.DLL
0x00007ffc8c1b0000 - 0x00007ffc8c1dc000 	C:\Windows\SYSTEM32\dbgcore.DLL
0x00007ffc94d10000 - 0x00007ffc94d92000 	C:\Windows\System32\bcryptPrimitives.dll
0x00007ffc8ae90000 - 0x00007ffc8aec9000 	C:\Program Files\Amazon Corretto\jdk17.0.6_10\bin\jdwp.dll
0x00007ffc88240000 - 0x00007ffc88265000 	C:\Program Files\Amazon Corretto\jdk17.0.6_10\bin\java.dll
0x00007ffc51170000 - 0x00007ffc51246000 	C:\Program Files\Amazon Corretto\jdk17.0.6_10\bin\jsvml.dll
0x00007ffc95600000 - 0x00007ffc95d43000 	C:\Windows\System32\SHELL32.dll
0x00007ffc92690000 - 0x00007ffc92e22000 	C:\Windows\SYSTEM32\windows.storage.dll
0x00007ffc95fb0000 - 0x00007ffc96304000 	C:\Windows\System32\combase.dll
0x00007ffc94050000 - 0x00007ffc94080000 	C:\Windows\SYSTEM32\Wldp.dll
0x00007ffc950f0000 - 0x00007ffc9519d000 	C:\Windows\System32\SHCORE.dll
0x00007ffc94f40000 - 0x00007ffc94f95000 	C:\Windows\System32\shlwapi.dll
0x00007ffc94530000 - 0x00007ffc9454f000 	C:\Windows\SYSTEM32\profapi.dll
0x00007ffc90210000 - 0x00007ffc9021c000 	C:\Program Files\Amazon Corretto\jdk17.0.6_10\bin\dt_socket.dll
0x00007ffc93a50000 - 0x00007ffc93a8b000 	C:\Windows\SYSTEM32\IPHLPAPI.DLL
0x00007ffc93db0000 - 0x00007ffc93e1a000 	C:\Windows\system32\mswsock.dll
0x00007ffc93af0000 - 0x00007ffc93bba000 	C:\Windows\SYSTEM32\DNSAPI.dll
0x00007ffc96ea0000 - 0x00007ffc96ea8000 	C:\Windows\System32\NSI.dll
0x00007ffc8ce30000 - 0x00007ffc8ce3a000 	C:\Windows\System32\rasadhlp.dll
0x00007ffc8b120000 - 0x00007ffc8b1a0000 	C:\Windows\System32\fwpuclnt.dll
0x00007ffc94ce0000 - 0x00007ffc94d07000 	C:\Windows\System32\bcrypt.dll
0x00007ffc883c0000 - 0x00007ffc883d9000 	C:\Program Files\Amazon Corretto\jdk17.0.6_10\bin\net.dll
0x00007ffc90840000 - 0x00007ffc9094c000 	C:\Windows\SYSTEM32\WINHTTP.dll
0x00007ffc88220000 - 0x00007ffc88235000 	C:\Program Files\Amazon Corretto\jdk17.0.6_10\bin\nio.dll
0x00007ffc86540000 - 0x00007ffc86558000 	C:\Program Files\Amazon Corretto\jdk17.0.6_10\bin\zip.dll
0x000000006cb70000 - 0x000000006cb99000 	C:\Users\thoma\AppData\Local\Temp\libgdxthoma\e787ab0a\gdx64.dll
0x00007ffc7e800000 - 0x00007ffc7e875000 	C:\Users\thoma\AppData\Local\Temp\lwjglthoma\3.3.1-build-7\lwjgl.dll
0x00007ffc50760000 - 0x00007ffc509b9000 	C:\Users\thoma\AppData\Local\Temp\lwjglthoma\3.3.1-build-7\jemalloc.dll
0x00007ffc86320000 - 0x00007ffc86381000 	C:\Users\thoma\AppData\Local\Temp\lwjglthoma\3.3.1-build-7\glfw.dll
0x00007ffc84390000 - 0x00007ffc843d5000 	C:\Windows\SYSTEM32\dinput8.dll
0x00007ffc90180000 - 0x00007ffc90191000 	C:\Windows\SYSTEM32\xinput1_4.dll
0x00007ffc94b80000 - 0x00007ffc94bce000 	C:\Windows\System32\cfgmgr32.dll
0x00007ffc943a0000 - 0x00007ffc943cc000 	C:\Windows\SYSTEM32\DEVOBJ.dll
0x00007ffc91c00000 - 0x00007ffc91c2f000 	C:\Windows\SYSTEM32\dwmapi.dll
0x00007ffc82790000 - 0x00007ffc828e2000 	C:\Windows\SYSTEM32\inputhost.dll
0x00007ffc96dd0000 - 0x00007ffc96e9d000 	C:\Windows\System32\OLEAUT32.dll
0x00007ffc90c50000 - 0x00007ffc90da4000 	C:\Windows\SYSTEM32\wintypes.dll
0x00007ffc8f590000 - 0x00007ffc8f682000 	C:\Windows\SYSTEM32\CoreMessaging.dll
0x00007ffc920a0000 - 0x00007ffc92196000 	C:\Windows\SYSTEM32\PROPSYS.dll
0x00007ffc8eba0000 - 0x00007ffc8eefe000 	C:\Windows\SYSTEM32\CoreUIComponents.dll
0x00007ffc937a0000 - 0x00007ffc937d3000 	C:\Windows\SYSTEM32\ntmarta.dll
0x00007ffc91ad0000 - 0x00007ffc91b6e000 	C:\Windows\system32\uxtheme.dll
0x00007ffc95e60000 - 0x00007ffc95f75000 	C:\Windows\System32\MSCTF.dll
0x00007ffc6ae80000 - 0x00007ffc6b017000 	C:\Users\thoma\AppData\Local\Temp\lwjglthoma\3.3.1-build-7\OpenAL.dll
0x00007ffc951a0000 - 0x00007ffc952ca000 	C:\Windows\System32\ole32.dll
0x00007ffc95040000 - 0x00007ffc950ef000 	C:\Windows\System32\clbcatq.dll
0x00007ffc8f040000 - 0x00007ffc8f0c5000 	C:\Windows\System32\MMDevApi.dll
0x00007ffc8f110000 - 0x00007ffc8f292000 	C:\Windows\SYSTEM32\AUDIOSES.DLL
0x00007ffc93bc0000 - 0x00007ffc93c0b000 	C:\Windows\SYSTEM32\powrprof.dll
0x00007ffc93a30000 - 0x00007ffc93a42000 	C:\Windows\SYSTEM32\UMPDC.dll
0x00007ffc91c30000 - 0x00007ffc91c44000 	C:\Windows\SYSTEM32\resourcepolicyclient.dll
0x00007ffc68e20000 - 0x00007ffc68f45000 	C:\Windows\SYSTEM32\opengl32.dll
0x00007ffc8fea0000 - 0x00007ffc8fecc000 	C:\Windows\SYSTEM32\GLU32.dll
0x00007ffc8c560000 - 0x00007ffc8c657000 	C:\Windows\System32\AppXDeploymentClient.dll
0x00007ffc46a70000 - 0x00007ffc47b1b000 	C:\Windows\System32\DriverStore\FileRepository\iigd_dch.inf_amd64_8a4323c80a901a5c\igxelpicd64.dll
0x00007ffc92eb0000 - 0x00007ffc92fa3000 	C:\Windows\system32\dxgi.dll
0x00007ffc5e940000 - 0x00007ffc5ea65000 	C:\Windows\System32\DriverStore\FileRepository\iigd_dch.inf_amd64_8a4323c80a901a5c\igdml64.dll
0x00007ffc78790000 - 0x00007ffc78ba2000 	C:\Windows\System32\DriverStore\FileRepository\iigd_dch.inf_amd64_8a4323c80a901a5c\igdgmm64.dll
0x00007ffc739d0000 - 0x00007ffc77eba000 	C:\Windows\System32\DriverStore\FileRepository\iigd_dch.inf_amd64_8a4323c80a901a5c\igc64.dll
0x00007ffc7e310000 - 0x00007ffc7e36d000 	C:\Users\thoma\AppData\Local\Temp\lwjglthoma\3.3.1-build-7\lwjgl_opengl.dll
0x00007ffc829a0000 - 0x00007ffc82a99000 	C:\Windows\SYSTEM32\textinputframework.dll

dbghelp: loaded successfully - version: 4.0.5 - missing functions: none
symbol engine: initialized successfully - sym options: 0x614 - pdb path: .;C:\Program Files\Amazon Corretto\jdk17.0.6_10\bin;C:\Windows\SYSTEM32;C:\Windows\WinSxS\amd64_microsoft.windows.common-controls_6595b64144ccf1df_6.0.19041.1110_none_60b5254171f9507e;C:\Program Files (x86)\F-Secure\SAFE\Ultralight\ulcore\1670839193;C:\Program Files\Amazon Corretto\jdk17.0.6_10\bin\server;C:\Users\thoma\AppData\Local\Temp\libgdxthoma\e787ab0a;C:\Users\thoma\AppData\Local\Temp\lwjglthoma\3.3.1-build-7;C:\Windows\System32\DriverStore\FileRepository\iigd_dch.inf_amd64_8a4323c80a901a5c

VM Arguments:
jvm_args: -agentlib:jdwp=transport=dt_socket,server=n,suspend=y,address=localhost:56983 -XX:+ShowCodeDetailsInExceptionMessages 
java_command: com.team10.game.DesktopLauncher
java_class_path (initial): C:\Users\thoma\OneDrive\Documents\Computer Science\ENG1\ENG1Game\desktop\bin\main;\Piazza Panic-core\bin\default;C:\Users\thoma\OneDrive\Documents\Computer Science\ENG1\ENG1Game\core\bin\main;C:\Users\thoma\.gradle\caches\modules-2\files-2.1\com.badlogicgames.gdx\gdx-backend-lwjgl3\1.11.0\58a96db4cd349be4292d547856aa1e1c5f065f4e\gdx-backend-lwjgl3-1.11.0.jar;C:\Users\thoma\.gradle\caches\modules-2\files-2.1\com.badlogicgames.gdx\gdx-platform\1.11.0\697fb13eada6d3c6ca648c9788692b0159add126\gdx-platform-1.11.0-natives-desktop.jar;C:\Users\thoma\.gradle\caches\modules-2\files-2.1\com.badlogicgames.gdx\gdx-box2d-platform\1.11.0\62ff9baa1e57a11e0a4428a38c9660bf9f312fdc\gdx-box2d-platform-1.11.0-natives-desktop.jar;C:\Users\thoma\.gradle\caches\modules-2\files-2.1\com.badlogicgames.gdx-controllers\gdx-controllers-desktop\2.2.1\cb3430c32468a090eca54d494d16bb3764ceff9b\gdx-controllers-desktop-2.2.1.jar;C:\Users\thoma\.gradle\caches\modules-2\files-2.1\com.badlogicgames.gdx\gdx-freetype-platform\1.11.0\420e2c2c206843a0d51010be28a141a1eb946235\gdx-freetype-platform-1.11.0-natives-desktop.jar;C:\Users\thoma\.gradle\caches\modules-2\files-2.1\com.badlogicgames.gdx\gdx-bullet-platform\1.11.0\2c067b913a306ba26d482075297538ad91cdb88b\gdx-bullet-platform-1.11.0-natives-desktop.jar;C:\Users\thoma\.gradle\caches\modules-2\files-2.1\com.badlogicgames.box2dlights\box2dlights\1.5\6902dbcd250c95a27973aa24a147a95b3828d348\box2dlights-1.5.jar;C:\Users\thoma\.gradle\caches\modules-2\files-2.1\com.badlogicgames.gdx\gdx-box2d\1.11.0\ad4facee800dd945d6d6e93dea2936bc135b5f\gdx-box2d-1.11.0.jar;C:\Users\thoma\.gradle\caches\modules-2\files-2.1\com.badlogicgames.gdx\gdx-freetype\1.11.0\a3634ad2e6c56d251268d6ab5c0f66eee2841f2c\gdx-freetype-1.11.0.jar;C:\Users\thoma\.gradle\caches\modules-2\files-2.1\com.badlogicgames.gdx\gdx-bullet\1.11.0\1eb83845fa655e7e8ab6bbb979d28b0502ad3302\gdx-bullet-1.11.0.jar;C:\Users\thoma\.gradle\caches\modules-2\files-2.1\com.badlogicgames.a
Launcher Type: SUN_STANDARD

[Global flags]
     intx CICompilerCount                          = 4                                         {product} {ergonomic}
     uint ConcGCThreads                            = 2                                         {product} {ergonomic}
     uint G1ConcRefinementThreads                  = 8                                         {product} {ergonomic}
   size_t G1HeapRegionSize                         = 2097152                                   {product} {ergonomic}
    uintx GCDrainStackTargetSize                   = 64                                        {product} {ergonomic}
   size_t InitialHeapSize                          = 264241152                                 {product} {ergonomic}
   size_t MarkStackSize                            = 4194304                                   {product} {ergonomic}
   size_t MaxHeapSize                              = 4227858432                                {product} {ergonomic}
   size_t MaxNewSize                               = 2535456768                                {product} {ergonomic}
   size_t MinHeapDeltaBytes                        = 2097152                                   {product} {ergonomic}
   size_t MinHeapSize                              = 8388608                                   {product} {ergonomic}
    uintx NonNMethodCodeHeapSize                   = 5839372                                {pd product} {ergonomic}
    uintx NonProfiledCodeHeapSize                  = 122909434                              {pd product} {ergonomic}
    uintx ProfiledCodeHeapSize                     = 122909434                              {pd product} {ergonomic}
    uintx ReservedCodeCacheSize                    = 251658240                              {pd product} {ergonomic}
     bool SegmentedCodeCache                       = true                                      {product} {ergonomic}
     bool ShowCodeDetailsInExceptionMessages       = true                                   {manageable} {command line}
   size_t SoftMaxHeapSize                          = 4227858432                             {manageable} {ergonomic}
     bool UseCompressedClassPointers               = true                           {product lp64_product} {ergonomic}
     bool UseCompressedOops                        = true                           {product lp64_product} {ergonomic}
     bool UseG1GC                                  = true                                      {product} {ergonomic}
     bool UseLargePagesIndividualAllocation        = false                                  {pd product} {ergonomic}

Logging:
Log output configuration:
 #0: stdout all=warning uptime,level,tags
 #1: stderr all=off uptime,level,tags

Environment Variables:
JAVA_HOME=C:\Program Files\Amazon Corretto\jdk17.0.6_10
PATH=C:\Program Files\Amazon Corretto\jdk17.0.6_10\bin;C:\Program Files (x86)\Common Files\Oracle\Java\javapath;C:\Windows\system32;C:\Windows;C:\Windows\System32\Wbem;C:\Windows\System32\WindowsPowerShell\v1.0\;C:\Windows\System32\OpenSSH\;C:\Program Files\dotnet\;C:\Program Files\MongoDB\Server\6.0\bin;C:\Program Files\MongoDB\Server\6.0\bin\mongosh-1.6.0-win32-x64\bin;C:\Users\thoma\AppData\Local\Programs\Python\Python39\Scripts\;C:\Users\thoma\AppData\Local\Programs\Python\Python39\;C:\Users\thoma\AppData\Local\Microsoft\WindowsApps;C:\Users\thoma\AppData\Local\Programs\Microsoft VS Code\bin;C:\Users\thoma\.dotnet\tools;C:\Users\thoma\AppData\Local\GitHubDesktop\bin;C:\ghcup\bin
USERNAME=thoma
LANG=en_US.UTF-8
OS=Windows_NT
PROCESSOR_IDENTIFIER=Intel64 Family 6 Model 140 Stepping 1, GenuineIntel
TMP=C:\Users\thoma\AppData\Local\Temp
TEMP=C:\Users\thoma\AppData\Local\Temp



---------------  S Y S T E M  ---------------

OS:
 Windows 10 , 64 bit Build 19041 (10.0.19041.2251)
OS uptime: 32 days 1:17 hours

CPU: total 8 (initial active 8) (4 cores per cpu, 2 threads per core) family 6 model 140 stepping 1 microcode 0xa4, cx8, cmov, fxsr, ht, mmx, 3dnowpref, sse, sse2, sse3, ssse3, sse4.1, sse4.2, popcnt, lzcnt, tsc, tscinvbit, avx, avx2, aes, erms, clmul, bmi1, bmi2, adx, avx512f, avx512dq, avx512cd, avx512bw, avx512vl, sha, fma, vzeroupper, avx512_vpopcntdq, avx512_vpclmulqdq, avx512_vaes, avx512_vnni, clflush, clflushopt, clwb, avx512_vbmi2, avx512_vbmi

Memory: 4k page, system-wide physical 16122M (10160M free)
TotalPageFile size 24826M (AvailPageFile size 11763M)
current process WorkingSet (physical memory assigned to process): 540M, peak: 548M
current process commit charge ("private bytes"): 667M, peak: 675M

vm_info: OpenJDK 64-Bit Server VM (17.0.6+10-LTS) for windows-amd64 JRE (17.0.6+10-LTS), built on Jan 13 2023 22:57:04 by "Administrator" with MS VC++ 15.9 (VS2017)

END.
